<?xml version="1.0" encoding="UTF-8"?>
<testng-results skipped="0" failed="0" ignored="0" total="1" passed="1">
  <reporter-output>
  </reporter-output>
  <suite name="test.LoginTest" duration-ms="8270" started-at="2020-07-04T15:32:45Z" finished-at="2020-07-04T15:32:53Z">
    <groups>
    </groups>
    <test name="Command line test" duration-ms="8270" started-at="2020-07-04T15:32:45Z" finished-at="2020-07-04T15:32:53Z">
      <class name="test.LoginTest">
        <test-method status="PASS" signature="loginTest()[pri:0, instance:test.LoginTest@e580929]" name="loginTest" duration-ms="8223" started-at="2020-07-04T10:32:45Z" finished-at="2020-07-04T10:32:53Z">
          <reporter-output>
          </reporter-output>
        </test-method> <!-- loginTest -->
      </class> <!-- test.LoginTest -->
    </test> <!-- Command line test -->
  </suite> <!-- test.LoginTest -->
</testng-results>
