<?xml version="1.0" encoding="UTF-8"?>
<testng-results skipped="0" failed="0" ignored="0" total="2" passed="2">
  <reporter-output>
  </reporter-output>
  <suite name="Default suite" duration-ms="23488" started-at="2020-07-06T19:43:24Z" finished-at="2020-07-06T19:43:47Z">
    <groups>
    </groups>
    <test name="Default test" duration-ms="23488" started-at="2020-07-06T19:43:24Z" finished-at="2020-07-06T19:43:47Z">
      <class name="test.LoginTest">
        <test-method status="PASS" signature="startBrowser()[pri:0, instance:test.LoginTest@3bbc39f8]" name="startBrowser" is-config="true" duration-ms="6546" started-at="2020-07-06T14:43:24Z" finished-at="2020-07-06T14:43:31Z">
          <reporter-output>
          </reporter-output>
        </test-method> <!-- startBrowser -->
        <test-method status="PASS" signature="validUserShouldBeAbleToLogin()[pri:1, instance:test.LoginTest@3bbc39f8]" name="validUserShouldBeAbleToLogin" duration-ms="3727" started-at="2020-07-06T14:43:31Z" finished-at="2020-07-06T14:43:34Z">
          <reporter-output>
          </reporter-output>
        </test-method> <!-- validUserShouldBeAbleToLogin -->
        <test-method status="PASS" signature="close()[pri:0, instance:test.LoginTest@3bbc39f8]" name="close" is-config="true" duration-ms="4867" started-at="2020-07-06T14:43:34Z" finished-at="2020-07-06T14:43:39Z">
          <reporter-output>
          </reporter-output>
        </test-method> <!-- close -->
        <test-method status="PASS" signature="startBrowser()[pri:0, instance:test.LoginTest@3bbc39f8]" name="startBrowser" is-config="true" duration-ms="5519" started-at="2020-07-06T14:43:39Z" finished-at="2020-07-06T14:43:45Z">
          <reporter-output>
          </reporter-output>
        </test-method> <!-- startBrowser -->
        <test-method status="PASS" signature="invalidUsersShouldNotBeAbleToLogin()[pri:2, instance:test.LoginTest@3bbc39f8]" name="invalidUsersShouldNotBeAbleToLogin" duration-ms="1919" started-at="2020-07-06T14:43:45Z" finished-at="2020-07-06T14:43:47Z">
          <reporter-output>
          </reporter-output>
        </test-method> <!-- invalidUsersShouldNotBeAbleToLogin -->
        <test-method status="PASS" signature="close()[pri:0, instance:test.LoginTest@3bbc39f8]" name="close" is-config="true" duration-ms="862" started-at="2020-07-06T14:43:47Z" finished-at="2020-07-06T14:43:47Z">
          <reporter-output>
          </reporter-output>
        </test-method> <!-- close -->
      </class> <!-- test.LoginTest -->
    </test> <!-- Default test -->
  </suite> <!-- Default suite -->
</testng-results>
